2017-02-15 12:09:40,233 - ERROR [pool-1-thread-1:c.t.c.p.s.DMaapStreamIntegrationTest@101] - ************************ START LOADING **********************
2017-02-15 12:09:40,235 - ERROR [pool-1-thread-1:c.t.c.p.s.DMaapStreamIntegrationTest@85] -  !!!!!!!!!!!!! Dumping ClassPath for classloader: co.cask.cdap.common.app.MainClassLoader@13acb0d1 !!!!!!!!!!!!!
2017-02-15 12:09:40,235 - ERROR [pool-1-thread-1:c.t.c.p.s.DMaapStreamIntegrationTest@88] - file:/C:/learn/workspace/cdap-plugin/custom-module-test/target/surefire/surefirebooter9012769323085336505.jar
2017-02-15 12:09:40,235 - ERROR [pool-1-thread-1:c.t.c.p.s.DMaapStreamIntegrationTest@85] -  !!!!!!!!!!!!! Dumping ClassPath for classloader: co.cask.cdap.common.lang.CombineClassLoader@14966b4 !!!!!!!!!!!!!
2017-02-15 12:09:40,235 - ERROR [pool-1-thread-1:c.t.c.p.s.DMaapStreamIntegrationTest@91] - 	(cannot display components as not a URLClassLoader)
2017-02-15 12:09:40,235 - ERROR [pool-1-thread-1:c.t.c.p.s.DMaapStreamIntegrationTest@85] -  !!!!!!!!!!!!! Dumping ClassPath for classloader: sun.misc.Launcher$ExtClassLoader@3a4a81ca !!!!!!!!!!!!!
2017-02-15 12:09:40,235 - ERROR [pool-1-thread-1:c.t.c.p.s.DMaapStreamIntegrationTest@88] - file:/C:/Program%20Files/Java/jdk1.8.0_101/jre/lib/ext/access-bridge-64.jar
file:/C:/Program%20Files/Java/jdk1.8.0_101/jre/lib/ext/cldrdata.jar
file:/C:/Program%20Files/Java/jdk1.8.0_101/jre/lib/ext/dnsns.jar
file:/C:/Program%20Files/Java/jdk1.8.0_101/jre/lib/ext/jaccess.jar
file:/C:/Program%20Files/Java/jdk1.8.0_101/jre/lib/ext/jfxrt.jar
file:/C:/Program%20Files/Java/jdk1.8.0_101/jre/lib/ext/localedata.jar
file:/C:/Program%20Files/Java/jdk1.8.0_101/jre/lib/ext/nashorn.jar
file:/C:/Program%20Files/Java/jdk1.8.0_101/jre/lib/ext/sunec.jar
file:/C:/Program%20Files/Java/jdk1.8.0_101/jre/lib/ext/sunjce_provider.jar
file:/C:/Program%20Files/Java/jdk1.8.0_101/jre/lib/ext/sunmscapi.jar
file:/C:/Program%20Files/Java/jdk1.8.0_101/jre/lib/ext/sunpkcs11.jar
file:/C:/Program%20Files/Java/jdk1.8.0_101/jre/lib/ext/zipfs.jar
2017-02-15 12:09:40,235 - ERROR [pool-1-thread-1:c.t.c.p.s.DMaapStreamIntegrationTest@103] - ************************ END LOADING **********************
2017-02-15 12:09:40,282 - WARN  [pool-1-thread-1:c.c.c.i.a.r.a.ArtifactRepository@112] - Ignoring \opt\cdap\master\artifacts because it is not a directory.
2017-02-15 12:09:42,274 - WARN  [pool-1-thread-1:c.c.c.i.a.r.a.ArtifactClassLoaderFactory$3@132] - Failed to delete directory C:\learn\workspace\cdap-plugin\custom-module-test\target\junit2037735933672881252\junit2276829620772731332\tmp\1487178580295-0
java.io.IOException: Failed to delete file C:\learn\workspace\cdap-plugin\custom-module-test\target\junit2037735933672881252\junit2276829620772731332\tmp\1487178580295-0\lib\hive-exec-1.2.1.jar
	at co.cask.cdap.common.utils.DirUtils.deleteDirectoryContents(DirUtils.java:75) ~[na:na]
	at co.cask.cdap.common.utils.DirUtils.deleteDirectoryContents(DirUtils.java:49) ~[na:na]
	at co.cask.cdap.internal.app.runtime.artifact.ArtifactClassLoaderFactory$3.close(ArtifactClassLoaderFactory.java:130) ~[na:na]
	at co.cask.cdap.internal.app.runtime.artifact.CloseableClassLoader.close(CloseableClassLoader.java:37) [na:na]
	at co.cask.cdap.internal.app.deploy.pipeline.DeploymentCleanupStage.closeIfCloseable(DeploymentCleanupStage.java:44) [na:na]
	at co.cask.cdap.internal.app.deploy.pipeline.DeploymentCleanupStage.process(DeploymentCleanupStage.java:34) [na:na]
	at co.cask.cdap.internal.pipeline.SynchronousPipeline.execute(SynchronousPipeline.java:66) [na:na]
	at co.cask.cdap.internal.app.deploy.LocalApplicationManager.deploy(LocalApplicationManager.java:130) [na:na]
	at co.cask.cdap.internal.app.services.ApplicationLifecycleService.deployApp(ApplicationLifecycleService.java:582) [na:na]
	at co.cask.cdap.internal.app.services.ApplicationLifecycleService.deployApp(ApplicationLifecycleService.java:403) [na:na]
	at co.cask.cdap.gateway.handlers.AppLifecycleHttpHandler$1.onFinish(AppLifecycleHttpHandler.java:372) [na:na]
	at co.cask.cdap.common.http.AbstractBodyConsumer.finished(AbstractBodyConsumer.java:65) [na:na]
	at co.cask.cdap.internal.AppFabricClient.createApplication(AppFabricClient.java:473) [na:na]
	at co.cask.cdap.internal.AppFabricClient.deployApplication(AppFabricClient.java:457) [na:na]
	at co.cask.cdap.test.UnitTestManager.deployApplication(UnitTestManager.java:198) [na:na]
	at co.cask.cdap.test.TestBase.deployApplication(TestBase.java:623) [na:na]
	at com.test.cdap.plugins.streamingsource.DMaapStreamIntegrationTest.testDMaapStreamingSource(DMaapStreamIntegrationTest.java:133) [test-classes/:na]
	at sun.reflect.NativeMethodAccessorImpl.invoke0(Native Method) ~[na:1.8.0_101]
	at sun.reflect.NativeMethodAccessorImpl.invoke(NativeMethodAccessorImpl.java:62) ~[na:1.8.0_101]
	at sun.reflect.DelegatingMethodAccessorImpl.invoke(DelegatingMethodAccessorImpl.java:43) ~[na:1.8.0_101]
	at java.lang.reflect.Method.invoke(Method.java:498) ~[na:1.8.0_101]
	at org.junit.runners.model.FrameworkMethod$1.runReflectiveCall(FrameworkMethod.java:50) [junit-4.12.jar:4.12]
	at org.junit.internal.runners.model.ReflectiveCallable.run(ReflectiveCallable.java:12) [junit-4.12.jar:4.12]
	at org.junit.runners.model.FrameworkMethod.invokeExplosively(FrameworkMethod.java:47) [junit-4.12.jar:4.12]
	at org.junit.internal.runners.statements.InvokeMethod.evaluate(InvokeMethod.java:17) [junit-4.12.jar:4.12]
	at org.junit.internal.runners.statements.RunBefores.evaluate(RunBefores.java:26) [junit-4.12.jar:4.12]
	at org.junit.internal.runners.statements.RunAfters.evaluate(RunAfters.java:27) [junit-4.12.jar:4.12]
	at org.junit.runners.ParentRunner.runLeaf(ParentRunner.java:325) [junit-4.12.jar:4.12]
	at org.junit.runners.BlockJUnit4ClassRunner.runChild(BlockJUnit4ClassRunner.java:78) [junit-4.12.jar:4.12]
	at org.junit.runners.BlockJUnit4ClassRunner.runChild(BlockJUnit4ClassRunner.java:57) [junit-4.12.jar:4.12]
	at org.junit.runners.ParentRunner$3.run(ParentRunner.java:290) [junit-4.12.jar:4.12]
	at org.apache.maven.surefire.junitcore.pc.Scheduler$1.run(Scheduler.java:393) [surefire-junit47-2.19.1.jar:2.19.1]
	at java.util.concurrent.Executors$RunnableAdapter.call(Executors.java:511) [na:1.8.0_101]
	at java.util.concurrent.FutureTask.run(FutureTask.java:266) [na:1.8.0_101]
	at java.util.concurrent.ThreadPoolExecutor.runWorker(ThreadPoolExecutor.java:1142) [na:1.8.0_101]
	at java.util.concurrent.ThreadPoolExecutor$Worker.run(ThreadPoolExecutor.java:617) [na:1.8.0_101]
	at java.lang.Thread.run(Thread.java:745) [na:1.8.0_101]
2017-02-15 12:09:42,279 - ERROR [pool-1-thread-1:c.c.c.g.h.AppLifecycleHttpHandler$1@384] - Deploy failure
java.util.concurrent.ExecutionException: java.util.concurrent.ExecutionException: java.lang.IllegalArgumentException: No plugin of type streamingsource and name DMaapStream could be found for stage source.
	at com.google.common.util.concurrent.Futures$ImmediateFailedFuture.get(Futures.java:183) ~[hive-exec-1.2.1.jar:1.2.1]
	at co.cask.cdap.internal.app.services.ApplicationLifecycleService.deployApp(ApplicationLifecycleService.java:582) ~[na:na]
	at co.cask.cdap.internal.app.services.ApplicationLifecycleService.deployApp(ApplicationLifecycleService.java:403) ~[na:na]
	at co.cask.cdap.gateway.handlers.AppLifecycleHttpHandler$1.onFinish(AppLifecycleHttpHandler.java:372) ~[na:na]
	at co.cask.cdap.common.http.AbstractBodyConsumer.finished(AbstractBodyConsumer.java:65) [na:na]
	at co.cask.cdap.internal.AppFabricClient.createApplication(AppFabricClient.java:473) [na:na]
	at co.cask.cdap.internal.AppFabricClient.deployApplication(AppFabricClient.java:457) [na:na]
	at co.cask.cdap.test.UnitTestManager.deployApplication(UnitTestManager.java:198) [na:na]
	at co.cask.cdap.test.TestBase.deployApplication(TestBase.java:623) [na:na]
	at com.test.cdap.plugins.streamingsource.DMaapStreamIntegrationTest.testDMaapStreamingSource(DMaapStreamIntegrationTest.java:133) [test-classes/:na]
	at sun.reflect.NativeMethodAccessorImpl.invoke0(Native Method) ~[na:1.8.0_101]
	at sun.reflect.NativeMethodAccessorImpl.invoke(NativeMethodAccessorImpl.java:62) ~[na:1.8.0_101]
	at sun.reflect.DelegatingMethodAccessorImpl.invoke(DelegatingMethodAccessorImpl.java:43) ~[na:1.8.0_101]
	at java.lang.reflect.Method.invoke(Method.java:498) ~[na:1.8.0_101]
	at org.junit.runners.model.FrameworkMethod$1.runReflectiveCall(FrameworkMethod.java:50) [junit-4.12.jar:4.12]
	at org.junit.internal.runners.model.ReflectiveCallable.run(ReflectiveCallable.java:12) [junit-4.12.jar:4.12]
	at org.junit.runners.model.FrameworkMethod.invokeExplosively(FrameworkMethod.java:47) [junit-4.12.jar:4.12]
	at org.junit.internal.runners.statements.InvokeMethod.evaluate(InvokeMethod.java:17) [junit-4.12.jar:4.12]
	at org.junit.internal.runners.statements.RunBefores.evaluate(RunBefores.java:26) [junit-4.12.jar:4.12]
	at org.junit.internal.runners.statements.RunAfters.evaluate(RunAfters.java:27) [junit-4.12.jar:4.12]
	at org.junit.runners.ParentRunner.runLeaf(ParentRunner.java:325) [junit-4.12.jar:4.12]
	at org.junit.runners.BlockJUnit4ClassRunner.runChild(BlockJUnit4ClassRunner.java:78) [junit-4.12.jar:4.12]
	at org.junit.runners.BlockJUnit4ClassRunner.runChild(BlockJUnit4ClassRunner.java:57) [junit-4.12.jar:4.12]
	at org.junit.runners.ParentRunner$3.run(ParentRunner.java:290) [junit-4.12.jar:4.12]
	at org.apache.maven.surefire.junitcore.pc.Scheduler$1.run(Scheduler.java:393) [surefire-junit47-2.19.1.jar:2.19.1]
	at java.util.concurrent.Executors$RunnableAdapter.call(Executors.java:511) [na:1.8.0_101]
	at java.util.concurrent.FutureTask.run(FutureTask.java:266) [na:1.8.0_101]
	at java.util.concurrent.ThreadPoolExecutor.runWorker(ThreadPoolExecutor.java:1142) [na:1.8.0_101]
	at java.util.concurrent.ThreadPoolExecutor$Worker.run(ThreadPoolExecutor.java:617) [na:1.8.0_101]
	at java.lang.Thread.run(Thread.java:745) [na:1.8.0_101]
Caused by: java.util.concurrent.ExecutionException: java.lang.IllegalArgumentException: No plugin of type streamingsource and name DMaapStream could be found for stage source.
	at com.google.common.util.concurrent.Futures$ImmediateFailedFuture.get(Futures.java:183) ~[hive-exec-1.2.1.jar:1.2.1]
	at com.google.common.util.concurrent.Futures$ImmediateFuture.get(Futures.java:119) ~[hive-exec-1.2.1.jar:1.2.1]
	at co.cask.cdap.internal.app.deploy.pipeline.LocalArtifactLoaderStage.process(LocalArtifactLoaderStage.java:104) ~[na:na]
	at co.cask.cdap.internal.app.deploy.pipeline.LocalArtifactLoaderStage.process(LocalArtifactLoaderStage.java:54) ~[na:na]
	at co.cask.cdap.pipeline.AbstractStage.process(AbstractStage.java:52) ~[na:na]
	at co.cask.cdap.internal.pipeline.SynchronousPipeline.execute(SynchronousPipeline.java:55) ~[na:na]
	at co.cask.cdap.internal.app.deploy.LocalApplicationManager.deploy(LocalApplicationManager.java:130) ~[na:na]
	... 29 common frames omitted
Caused by: java.lang.IllegalArgumentException: No plugin of type streamingsource and name DMaapStream could be found for stage source.
	at co.cask.cdap.etl.spec.PipelineSpecGenerator.configurePlugin(PipelineSpecGenerator.java:210) ~[na:na]
	at co.cask.cdap.etl.spec.PipelineSpecGenerator.configureStage(PipelineSpecGenerator.java:178) ~[na:na]
	at co.cask.cdap.etl.spec.PipelineSpecGenerator.configureStages(PipelineSpecGenerator.java:114) ~[na:na]
	at co.cask.cdap.datastreams.DataStreamsPipelineSpecGenerator.generateSpec(DataStreamsPipelineSpecGenerator.java:49) ~[na:na]
	at co.cask.cdap.datastreams.DataStreamsPipelineSpecGenerator.generateSpec(DataStreamsPipelineSpecGenerator.java:29) ~[na:na]
	at co.cask.cdap.datastreams.DataStreamsApp.configure(DataStreamsApp.java:44) ~[na:na]
	at co.cask.cdap.api.app.AbstractApplication.configure(AbstractApplication.java:61) ~[na:na]
	at co.cask.cdap.internal.app.deploy.InMemoryConfigurator.getSpecJson(InMemoryConfigurator.java:165) ~[na:na]
	at co.cask.cdap.internal.app.deploy.InMemoryConfigurator.createResponse(InMemoryConfigurator.java:134) ~[na:na]
	at co.cask.cdap.internal.app.deploy.InMemoryConfigurator.config(InMemoryConfigurator.java:124) ~[na:na]
	at co.cask.cdap.internal.app.deploy.pipeline.LocalArtifactLoaderStage.process(LocalArtifactLoaderStage.java:103) ~[na:na]
	... 33 common frames omitted
