<?xml version="1.0" encoding="UTF-8"?>
<testsuite xmlns:xsi="http://www.w3.org/2001/XMLSchema-instance" xsi:schemaLocation="https://maven.apache.org/surefire/maven-surefire-plugin/xsd/surefire-test-report.xsd" name="com.test.cdap.plugins.streamingsource.DMaapStreamIntegrationTest" time="2.053" tests="1" errors="1" skipped="0" failures="0">
  <properties>
    <property name="java.runtime.name" value="Java(TM) SE Runtime Environment"/>
    <property name="sun.boot.library.path" value="C:\Program Files\Java\jdk1.8.0_101\jre\bin"/>
    <property name="java.vm.version" value="25.101-b13"/>
    <property name="java.vm.vendor" value="Oracle Corporation"/>
    <property name="maven.multiModuleProjectDirectory" value="C:\learn\workspace\cdap-plugin"/>
    <property name="skip.unit.tests" value="False"/>
    <property name="java.vendor.url" value="http://java.oracle.com/"/>
    <property name="path.separator" value=";"/>
    <property name="guice.disable.misplaced.annotation.check" value="true"/>
    <property name="java.vm.name" value="Java HotSpot(TM) 64-Bit Server VM"/>
    <property name="file.encoding.pkg" value="sun.io"/>
    <property name="user.script" value=""/>
    <property name="user.country" value="US"/>
    <property name="sun.java.launcher" value="SUN_STANDARD"/>
    <property name="sun.os.patch.level" value="Service Pack 1"/>
    <property name="java.vm.specification.name" value="Java Virtual Machine Specification"/>
    <property name="user.dir" value="C:\learn\workspace\cdap-plugin"/>
    <property name="java.runtime.version" value="1.8.0_101-b13"/>
    <property name="java.awt.graphicsenv" value="sun.awt.Win32GraphicsEnvironment"/>
    <property name="java.endorsed.dirs" value="C:\Program Files\Java\jdk1.8.0_101\jre\lib\endorsed"/>
    <property name="os.arch" value="amd64"/>
    <property name="java.io.tmpdir" value="C:\Users\MG153V\AppData\Local\Temp\"/>
    <property name="line.separator" value="&#10;"/>
    <property name="java.vm.specification.vendor" value="Oracle Corporation"/>
    <property name="user.variant" value=""/>
    <property name="os.name" value="Windows 7"/>
    <property name="skip.integration.tests" value="False"/>
    <property name="classworlds.conf" value="C:\Program Files\apache-maven-3.3.9\bin\m2.conf"/>
    <property name="sun.jnu.encoding" value="Cp1252"/>
    <property name="java.library.path" value="C:\Program Files\Java\jdk1.8.0_101\bin;C:\Windows\Sun\Java\bin;C:\Windows\system32;C:\Windows;C:\learn\software\Python36\Scripts\;C:\learn\software\Python36\;C:\Program Files (x86)\RSA SecurID Token Common;C:\ProgramData\Oracle\Java\javapath;C:\Windows\system32;C:\Windows;C:\Windows\System32\Wbem;C:\Windows\System32\WindowsPowerShell\v1.0\;C:\Windows\System32\WindowsPowerShell\v1.0\;C:\Program Files (x86)\NVIDIA Corporation\PhysX\Common;C:\Program Files\apache-maven-3.3.9\bin;C:\Program Files\Git\cmd;C:\Program Files (x86)\Enterprise Vault\EVClient\;C:\Program Files\1E\NomadBranch\;C:\HashiCorp\Vagrant\bin;C:\learn\software\zookeeper-3.4.9\bin;C:\Program Files\Java\jdk1.7.0_79\bin\;C:\software\Python27\Scripts\;C:\software\Python27\;C:\learn\software\spark-2.1.0\bin;C:\learn\software\scala-2.11.8\bin;C:\learn\software\sbt-0.13.13\bin;C:\learn\software\gradle-3.3\;C:\learn\software\gradle-3.3\bin;."/>
    <property name="java.specification.name" value="Java Platform API Specification"/>
    <property name="java.class.version" value="52.0"/>
    <property name="sun.management.compiler" value="HotSpot 64-Bit Tiered Compilers"/>
    <property name="os.version" value="6.1"/>
    <property name="user.home" value="C:\Users\MG153V"/>
    <property name="user.timezone" value="America/New_York"/>
    <property name="java.awt.printerjob" value="sun.awt.windows.WPrinterJob"/>
    <property name="java.specification.version" value="1.8"/>
    <property name="file.encoding" value="Cp1252"/>
    <property name="user.name" value="mg153v"/>
    <property name="java.class.path" value="C:\Program Files\apache-maven-3.3.9\boot\plexus-classworlds-2.5.2.jar"/>
    <property name="java.vm.specification.version" value="1.8"/>
    <property name="sun.arch.data.model" value="64"/>
    <property name="java.home" value="C:\Program Files\Java\jdk1.8.0_101\jre"/>
    <property name="sun.java.command" value="org.codehaus.plexus.classworlds.launcher.Launcher clean test -Dskip.integration.tests=False -Dskip.unit.tests=False -pl custom-module-test"/>
    <property name="java.specification.vendor" value="Oracle Corporation"/>
    <property name="user.language" value="en"/>
    <property name="awt.toolkit" value="sun.awt.windows.WToolkit"/>
    <property name="java.vm.info" value="mixed mode"/>
    <property name="java.version" value="1.8.0_101"/>
    <property name="java.ext.dirs" value="C:\Program Files\Java\jdk1.8.0_101\jre\lib\ext;C:\Windows\Sun\Java\lib\ext"/>
    <property name="sun.boot.class.path" value="C:\Program Files\Java\jdk1.8.0_101\jre\lib\resources.jar;C:\Program Files\Java\jdk1.8.0_101\jre\lib\rt.jar;C:\Program Files\Java\jdk1.8.0_101\jre\lib\sunrsasign.jar;C:\Program Files\Java\jdk1.8.0_101\jre\lib\jsse.jar;C:\Program Files\Java\jdk1.8.0_101\jre\lib\jce.jar;C:\Program Files\Java\jdk1.8.0_101\jre\lib\charsets.jar;C:\Program Files\Java\jdk1.8.0_101\jre\lib\jfr.jar;C:\Program Files\Java\jdk1.8.0_101\jre\classes"/>
    <property name="sun.stderr.encoding" value="cp437"/>
    <property name="java.vendor" value="Oracle Corporation"/>
    <property name="maven.home" value="C:\Program Files\apache-maven-3.3.9"/>
    <property name="file.separator" value="\"/>
    <property name="java.vendor.url.bug" value="http://bugreport.sun.com/bugreport/"/>
    <property name="sun.cpu.endian" value="little"/>
    <property name="sun.io.unicode.encoding" value="UnicodeLittle"/>
    <property name="sun.stdout.encoding" value="cp437"/>
    <property name="sun.desktop" value="windows"/>
    <property name="sun.cpu.isalist" value="amd64"/>
  </properties>
  <testcase name="testDMaapStreamingSource" classname="com.test.cdap.plugins.streamingsource.DMaapStreamIntegrationTest" time="2.053">
    <error message="Expected 200 OK, got 400 Bad Request. Error: Failed to deploy app" type="java.lang.IllegalStateException">java.lang.IllegalStateException: Expected 200 OK, got 400 Bad Request. Error: Failed to deploy app
	at co.cask.cdap.internal.AppFabricClient.verifyResponse(AppFabricClient.java:406)
	at co.cask.cdap.internal.AppFabricClient.createApplication(AppFabricClient.java:474)
	at co.cask.cdap.internal.AppFabricClient.deployApplication(AppFabricClient.java:457)
	at co.cask.cdap.test.UnitTestManager.deployApplication(UnitTestManager.java:198)
	at co.cask.cdap.test.TestBase.deployApplication(TestBase.java:623)
	at com.test.cdap.plugins.streamingsource.DMaapStreamIntegrationTest.testDMaapStreamingSource(DMaapStreamIntegrationTest.java:133)
	at sun.reflect.NativeMethodAccessorImpl.invoke0(Native Method)
	at sun.reflect.NativeMethodAccessorImpl.invoke(NativeMethodAccessorImpl.java:62)
	at sun.reflect.DelegatingMethodAccessorImpl.invoke(DelegatingMethodAccessorImpl.java:43)
	at java.lang.reflect.Method.invoke(Method.java:498)
	at org.junit.runners.model.FrameworkMethod$1.runReflectiveCall(FrameworkMethod.java:50)
	at org.junit.internal.runners.model.ReflectiveCallable.run(ReflectiveCallable.java:12)
	at org.junit.runners.model.FrameworkMethod.invokeExplosively(FrameworkMethod.java:47)
	at org.junit.internal.runners.statements.InvokeMethod.evaluate(InvokeMethod.java:17)
	at org.junit.internal.runners.statements.RunBefores.evaluate(RunBefores.java:26)
	at org.junit.internal.runners.statements.RunAfters.evaluate(RunAfters.java:27)
	at org.junit.runners.ParentRunner.runLeaf(ParentRunner.java:325)
	at org.junit.runners.BlockJUnit4ClassRunner.runChild(BlockJUnit4ClassRunner.java:78)
	at org.junit.runners.BlockJUnit4ClassRunner.runChild(BlockJUnit4ClassRunner.java:57)
	at org.junit.runners.ParentRunner$3.run(ParentRunner.java:290)
	at org.apache.maven.surefire.junitcore.pc.Scheduler$1.run(Scheduler.java:393)
	at java.util.concurrent.Executors$RunnableAdapter.call(Executors.java:511)
	at java.util.concurrent.FutureTask.run(FutureTask.java:266)
	at java.util.concurrent.ThreadPoolExecutor.runWorker(ThreadPoolExecutor.java:1142)
	at java.util.concurrent.ThreadPoolExecutor$Worker.run(ThreadPoolExecutor.java:617)
	at java.lang.Thread.run(Thread.java:745)
</error>
    <system-out><![CDATA[2017-02-15 12:09:40,233 - ERROR [pool-1-thread-1:c.t.c.p.s.DMaapStreamIntegrationTest@101] - ************************ START LOADING **********************
2017-02-15 12:09:40,235 - ERROR [pool-1-thread-1:c.t.c.p.s.DMaapStreamIntegrationTest@85] -  !!!!!!!!!!!!! Dumping ClassPath for classloader: co.cask.cdap.common.app.MainClassLoader@13acb0d1 !!!!!!!!!!!!!
2017-02-15 12:09:40,235 - ERROR [pool-1-thread-1:c.t.c.p.s.DMaapStreamIntegrationTest@88] - file:/C:/learn/workspace/cdap-plugin/custom-module-test/target/surefire/surefirebooter9012769323085336505.jar
2017-02-15 12:09:40,235 - ERROR [pool-1-thread-1:c.t.c.p.s.DMaapStreamIntegrationTest@85] -  !!!!!!!!!!!!! Dumping ClassPath for classloader: co.cask.cdap.common.lang.CombineClassLoader@14966b4 !!!!!!!!!!!!!
2017-02-15 12:09:40,235 - ERROR [pool-1-thread-1:c.t.c.p.s.DMaapStreamIntegrationTest@91] - 	(cannot display components as not a URLClassLoader)
2017-02-15 12:09:40,235 - ERROR [pool-1-thread-1:c.t.c.p.s.DMaapStreamIntegrationTest@85] -  !!!!!!!!!!!!! Dumping ClassPath for classloader: sun.misc.Launcher$ExtClassLoader@3a4a81ca !!!!!!!!!!!!!
2017-02-15 12:09:40,235 - ERROR [pool-1-thread-1:c.t.c.p.s.DMaapStreamIntegrationTest@88] - file:/C:/Program%20Files/Java/jdk1.8.0_101/jre/lib/ext/access-bridge-64.jar
file:/C:/Program%20Files/Java/jdk1.8.0_101/jre/lib/ext/cldrdata.jar
file:/C:/Program%20Files/Java/jdk1.8.0_101/jre/lib/ext/dnsns.jar
file:/C:/Program%20Files/Java/jdk1.8.0_101/jre/lib/ext/jaccess.jar
file:/C:/Program%20Files/Java/jdk1.8.0_101/jre/lib/ext/jfxrt.jar
file:/C:/Program%20Files/Java/jdk1.8.0_101/jre/lib/ext/localedata.jar
file:/C:/Program%20Files/Java/jdk1.8.0_101/jre/lib/ext/nashorn.jar
file:/C:/Program%20Files/Java/jdk1.8.0_101/jre/lib/ext/sunec.jar
file:/C:/Program%20Files/Java/jdk1.8.0_101/jre/lib/ext/sunjce_provider.jar
file:/C:/Program%20Files/Java/jdk1.8.0_101/jre/lib/ext/sunmscapi.jar
file:/C:/Program%20Files/Java/jdk1.8.0_101/jre/lib/ext/sunpkcs11.jar
file:/C:/Program%20Files/Java/jdk1.8.0_101/jre/lib/ext/zipfs.jar
2017-02-15 12:09:40,235 - ERROR [pool-1-thread-1:c.t.c.p.s.DMaapStreamIntegrationTest@103] - ************************ END LOADING **********************
2017-02-15 12:09:40,282 - WARN  [pool-1-thread-1:c.c.c.i.a.r.a.ArtifactRepository@112] - Ignoring \opt\cdap\master\artifacts because it is not a directory.
2017-02-15 12:09:42,274 - WARN  [pool-1-thread-1:c.c.c.i.a.r.a.ArtifactClassLoaderFactory$3@132] - Failed to delete directory C:\learn\workspace\cdap-plugin\custom-module-test\target\junit2037735933672881252\junit2276829620772731332\tmp\1487178580295-0
java.io.IOException: Failed to delete file C:\learn\workspace\cdap-plugin\custom-module-test\target\junit2037735933672881252\junit2276829620772731332\tmp\1487178580295-0\lib\hive-exec-1.2.1.jar
	at co.cask.cdap.common.utils.DirUtils.deleteDirectoryContents(DirUtils.java:75) ~[na:na]
	at co.cask.cdap.common.utils.DirUtils.deleteDirectoryContents(DirUtils.java:49) ~[na:na]
	at co.cask.cdap.internal.app.runtime.artifact.ArtifactClassLoaderFactory$3.close(ArtifactClassLoaderFactory.java:130) ~[na:na]
	at co.cask.cdap.internal.app.runtime.artifact.CloseableClassLoader.close(CloseableClassLoader.java:37) [na:na]
	at co.cask.cdap.internal.app.deploy.pipeline.DeploymentCleanupStage.closeIfCloseable(DeploymentCleanupStage.java:44) [na:na]
	at co.cask.cdap.internal.app.deploy.pipeline.DeploymentCleanupStage.process(DeploymentCleanupStage.java:34) [na:na]
	at co.cask.cdap.internal.pipeline.SynchronousPipeline.execute(SynchronousPipeline.java:66) [na:na]
	at co.cask.cdap.internal.app.deploy.LocalApplicationManager.deploy(LocalApplicationManager.java:130) [na:na]
	at co.cask.cdap.internal.app.services.ApplicationLifecycleService.deployApp(ApplicationLifecycleService.java:582) [na:na]
	at co.cask.cdap.internal.app.services.ApplicationLifecycleService.deployApp(ApplicationLifecycleService.java:403) [na:na]
	at co.cask.cdap.gateway.handlers.AppLifecycleHttpHandler$1.onFinish(AppLifecycleHttpHandler.java:372) [na:na]
	at co.cask.cdap.common.http.AbstractBodyConsumer.finished(AbstractBodyConsumer.java:65) [na:na]
	at co.cask.cdap.internal.AppFabricClient.createApplication(AppFabricClient.java:473) [na:na]
	at co.cask.cdap.internal.AppFabricClient.deployApplication(AppFabricClient.java:457) [na:na]
	at co.cask.cdap.test.UnitTestManager.deployApplication(UnitTestManager.java:198) [na:na]
	at co.cask.cdap.test.TestBase.deployApplication(TestBase.java:623) [na:na]
	at com.test.cdap.plugins.streamingsource.DMaapStreamIntegrationTest.testDMaapStreamingSource(DMaapStreamIntegrationTest.java:133) [test-classes/:na]
	at sun.reflect.NativeMethodAccessorImpl.invoke0(Native Method) ~[na:1.8.0_101]
	at sun.reflect.NativeMethodAccessorImpl.invoke(NativeMethodAccessorImpl.java:62) ~[na:1.8.0_101]
	at sun.reflect.DelegatingMethodAccessorImpl.invoke(DelegatingMethodAccessorImpl.java:43) ~[na:1.8.0_101]
	at java.lang.reflect.Method.invoke(Method.java:498) ~[na:1.8.0_101]
	at org.junit.runners.model.FrameworkMethod$1.runReflectiveCall(FrameworkMethod.java:50) [junit-4.12.jar:4.12]
	at org.junit.internal.runners.model.ReflectiveCallable.run(ReflectiveCallable.java:12) [junit-4.12.jar:4.12]
	at org.junit.runners.model.FrameworkMethod.invokeExplosively(FrameworkMethod.java:47) [junit-4.12.jar:4.12]
	at org.junit.internal.runners.statements.InvokeMethod.evaluate(InvokeMethod.java:17) [junit-4.12.jar:4.12]
	at org.junit.internal.runners.statements.RunBefores.evaluate(RunBefores.java:26) [junit-4.12.jar:4.12]
	at org.junit.internal.runners.statements.RunAfters.evaluate(RunAfters.java:27) [junit-4.12.jar:4.12]
	at org.junit.runners.ParentRunner.runLeaf(ParentRunner.java:325) [junit-4.12.jar:4.12]
	at org.junit.runners.BlockJUnit4ClassRunner.runChild(BlockJUnit4ClassRunner.java:78) [junit-4.12.jar:4.12]
	at org.junit.runners.BlockJUnit4ClassRunner.runChild(BlockJUnit4ClassRunner.java:57) [junit-4.12.jar:4.12]
	at org.junit.runners.ParentRunner$3.run(ParentRunner.java:290) [junit-4.12.jar:4.12]
	at org.apache.maven.surefire.junitcore.pc.Scheduler$1.run(Scheduler.java:393) [surefire-junit47-2.19.1.jar:2.19.1]
	at java.util.concurrent.Executors$RunnableAdapter.call(Executors.java:511) [na:1.8.0_101]
	at java.util.concurrent.FutureTask.run(FutureTask.java:266) [na:1.8.0_101]
	at java.util.concurrent.ThreadPoolExecutor.runWorker(ThreadPoolExecutor.java:1142) [na:1.8.0_101]
	at java.util.concurrent.ThreadPoolExecutor$Worker.run(ThreadPoolExecutor.java:617) [na:1.8.0_101]
	at java.lang.Thread.run(Thread.java:745) [na:1.8.0_101]
2017-02-15 12:09:42,279 - ERROR [pool-1-thread-1:c.c.c.g.h.AppLifecycleHttpHandler$1@384] - Deploy failure
java.util.concurrent.ExecutionException: java.util.concurrent.ExecutionException: java.lang.IllegalArgumentException: No plugin of type streamingsource and name DMaapStream could be found for stage source.
	at com.google.common.util.concurrent.Futures$ImmediateFailedFuture.get(Futures.java:183) ~[hive-exec-1.2.1.jar:1.2.1]
	at co.cask.cdap.internal.app.services.ApplicationLifecycleService.deployApp(ApplicationLifecycleService.java:582) ~[na:na]
	at co.cask.cdap.internal.app.services.ApplicationLifecycleService.deployApp(ApplicationLifecycleService.java:403) ~[na:na]
	at co.cask.cdap.gateway.handlers.AppLifecycleHttpHandler$1.onFinish(AppLifecycleHttpHandler.java:372) ~[na:na]
	at co.cask.cdap.common.http.AbstractBodyConsumer.finished(AbstractBodyConsumer.java:65) [na:na]
	at co.cask.cdap.internal.AppFabricClient.createApplication(AppFabricClient.java:473) [na:na]
	at co.cask.cdap.internal.AppFabricClient.deployApplication(AppFabricClient.java:457) [na:na]
	at co.cask.cdap.test.UnitTestManager.deployApplication(UnitTestManager.java:198) [na:na]
	at co.cask.cdap.test.TestBase.deployApplication(TestBase.java:623) [na:na]
	at com.test.cdap.plugins.streamingsource.DMaapStreamIntegrationTest.testDMaapStreamingSource(DMaapStreamIntegrationTest.java:133) [test-classes/:na]
	at sun.reflect.NativeMethodAccessorImpl.invoke0(Native Method) ~[na:1.8.0_101]
	at sun.reflect.NativeMethodAccessorImpl.invoke(NativeMethodAccessorImpl.java:62) ~[na:1.8.0_101]
	at sun.reflect.DelegatingMethodAccessorImpl.invoke(DelegatingMethodAccessorImpl.java:43) ~[na:1.8.0_101]
	at java.lang.reflect.Method.invoke(Method.java:498) ~[na:1.8.0_101]
	at org.junit.runners.model.FrameworkMethod$1.runReflectiveCall(FrameworkMethod.java:50) [junit-4.12.jar:4.12]
	at org.junit.internal.runners.model.ReflectiveCallable.run(ReflectiveCallable.java:12) [junit-4.12.jar:4.12]
	at org.junit.runners.model.FrameworkMethod.invokeExplosively(FrameworkMethod.java:47) [junit-4.12.jar:4.12]
	at org.junit.internal.runners.statements.InvokeMethod.evaluate(InvokeMethod.java:17) [junit-4.12.jar:4.12]
	at org.junit.internal.runners.statements.RunBefores.evaluate(RunBefores.java:26) [junit-4.12.jar:4.12]
	at org.junit.internal.runners.statements.RunAfters.evaluate(RunAfters.java:27) [junit-4.12.jar:4.12]
	at org.junit.runners.ParentRunner.runLeaf(ParentRunner.java:325) [junit-4.12.jar:4.12]
	at org.junit.runners.BlockJUnit4ClassRunner.runChild(BlockJUnit4ClassRunner.java:78) [junit-4.12.jar:4.12]
	at org.junit.runners.BlockJUnit4ClassRunner.runChild(BlockJUnit4ClassRunner.java:57) [junit-4.12.jar:4.12]
	at org.junit.runners.ParentRunner$3.run(ParentRunner.java:290) [junit-4.12.jar:4.12]
	at org.apache.maven.surefire.junitcore.pc.Scheduler$1.run(Scheduler.java:393) [surefire-junit47-2.19.1.jar:2.19.1]
	at java.util.concurrent.Executors$RunnableAdapter.call(Executors.java:511) [na:1.8.0_101]
	at java.util.concurrent.FutureTask.run(FutureTask.java:266) [na:1.8.0_101]
	at java.util.concurrent.ThreadPoolExecutor.runWorker(ThreadPoolExecutor.java:1142) [na:1.8.0_101]
	at java.util.concurrent.ThreadPoolExecutor$Worker.run(ThreadPoolExecutor.java:617) [na:1.8.0_101]
	at java.lang.Thread.run(Thread.java:745) [na:1.8.0_101]
Caused by: java.util.concurrent.ExecutionException: java.lang.IllegalArgumentException: No plugin of type streamingsource and name DMaapStream could be found for stage source.
	at com.google.common.util.concurrent.Futures$ImmediateFailedFuture.get(Futures.java:183) ~[hive-exec-1.2.1.jar:1.2.1]
	at com.google.common.util.concurrent.Futures$ImmediateFuture.get(Futures.java:119) ~[hive-exec-1.2.1.jar:1.2.1]
	at co.cask.cdap.internal.app.deploy.pipeline.LocalArtifactLoaderStage.process(LocalArtifactLoaderStage.java:104) ~[na:na]
	at co.cask.cdap.internal.app.deploy.pipeline.LocalArtifactLoaderStage.process(LocalArtifactLoaderStage.java:54) ~[na:na]
	at co.cask.cdap.pipeline.AbstractStage.process(AbstractStage.java:52) ~[na:na]
	at co.cask.cdap.internal.pipeline.SynchronousPipeline.execute(SynchronousPipeline.java:55) ~[na:na]
	at co.cask.cdap.internal.app.deploy.LocalApplicationManager.deploy(LocalApplicationManager.java:130) ~[na:na]
	... 29 common frames omitted
Caused by: java.lang.IllegalArgumentException: No plugin of type streamingsource and name DMaapStream could be found for stage source.
	at co.cask.cdap.etl.spec.PipelineSpecGenerator.configurePlugin(PipelineSpecGenerator.java:210) ~[na:na]
	at co.cask.cdap.etl.spec.PipelineSpecGenerator.configureStage(PipelineSpecGenerator.java:178) ~[na:na]
	at co.cask.cdap.etl.spec.PipelineSpecGenerator.configureStages(PipelineSpecGenerator.java:114) ~[na:na]
	at co.cask.cdap.datastreams.DataStreamsPipelineSpecGenerator.generateSpec(DataStreamsPipelineSpecGenerator.java:49) ~[na:na]
	at co.cask.cdap.datastreams.DataStreamsPipelineSpecGenerator.generateSpec(DataStreamsPipelineSpecGenerator.java:29) ~[na:na]
	at co.cask.cdap.datastreams.DataStreamsApp.configure(DataStreamsApp.java:44) ~[na:na]
	at co.cask.cdap.api.app.AbstractApplication.configure(AbstractApplication.java:61) ~[na:na]
	at co.cask.cdap.internal.app.deploy.InMemoryConfigurator.getSpecJson(InMemoryConfigurator.java:165) ~[na:na]
	at co.cask.cdap.internal.app.deploy.InMemoryConfigurator.createResponse(InMemoryConfigurator.java:134) ~[na:na]
	at co.cask.cdap.internal.app.deploy.InMemoryConfigurator.config(InMemoryConfigurator.java:124) ~[na:na]
	at co.cask.cdap.internal.app.deploy.pipeline.LocalArtifactLoaderStage.process(LocalArtifactLoaderStage.java:103) ~[na:na]
	... 33 common frames omitted
]]></system-out>
  </testcase>
</testsuite>